TN:
SF:src/infrastructure/mcp/auth.ts
FN:52,validateForgeInvocationToken
FN:122,hasScope
FN:130,assertScope
FN:147,generateMockFIT
FN:182,encodeBase64Url
FN:193,decodeBase64Url
FNF:6
FNH:6
FNDA:9,validateForgeInvocationToken
FNDA:10,hasScope
FNDA:4,assertScope
FNDA:4,generateMockFIT
FNDA:8,encodeBase64Url
FNDA:5,decodeBase64Url
DA:9,1
DA:10,1
DA:52,1
DA:53,9
DA:54,2
DA:61,7
DA:64,7
DA:65,7
DA:66,2
DA:74,5
DA:75,5
DA:78,5
DA:79,1
DA:87,4
DA:88,4
DA:89,2
DA:97,2
DA:105,5
DA:106,5
DA:109,0
DA:122,1
DA:123,10
DA:130,1
DA:131,4
DA:132,2
DA:147,1
DA:154,4
DA:159,4
DA:160,4
DA:172,4
DA:173,4
DA:174,4
DA:176,4
DA:183,8
DA:194,5
DA:196,5
DA:197,6
DA:199,5
LF:38
LH:37
BRDA:53,0,0,2
BRDA:53,0,1,7
BRDA:65,1,0,2
BRDA:65,1,1,5
BRDA:78,2,0,1
BRDA:78,2,1,4
BRDA:78,3,0,5
BRDA:78,3,1,4
BRDA:78,3,2,4
BRDA:88,4,0,2
BRDA:88,4,1,2
BRDA:101,5,0,2
BRDA:101,5,1,0
BRDA:105,6,0,5
BRDA:105,6,1,0
BRDA:113,7,0,0
BRDA:113,7,1,0
BRDA:131,8,0,2
BRDA:131,8,1,2
BRDA:164,9,0,4
BRDA:164,9,1,1
BRDA:169,10,0,4
BRDA:169,10,1,2
BRF:23
BRH:19
end_of_record
TN:
SF:src/infrastructure/mcp/client.ts
FN:45,(anonymous_0)
FN:50,(anonymous_1)
FN:87,(anonymous_2)
FN:141,(anonymous_3)
FN:151,(anonymous_4)
FN:161,(anonymous_5)
FN:168,(anonymous_6)
FN:202,(anonymous_7)
FN:225,createMcpClient
FNF:9
FNH:8
FNDA:8,(anonymous_0)
FNDA:1,(anonymous_1)
FNDA:4,(anonymous_2)
FNDA:1,(anonymous_3)
FNDA:1,(anonymous_4)
FNDA:4,(anonymous_5)
FNDA:0,(anonymous_6)
FNDA:1,(anonymous_7)
FNDA:8,createMcpClient
DA:8,1
DA:9,1
DA:18,1
DA:19,1
DA:41,1
DA:42,8
DA:45,8
DA:51,1
DA:55,1
DA:57,1
DA:61,1
DA:66,0
DA:67,0
DA:68,0
DA:69,0
DA:73,0
DA:79,1
DA:80,1
DA:92,4
DA:93,4
DA:99,0
DA:100,0
DA:116,0
DA:120,0
DA:121,0
DA:123,0
DA:124,0
DA:131,0
DA:133,0
DA:134,0
DA:145,1
DA:155,1
DA:162,4
DA:169,0
DA:170,0
DA:176,0
DA:177,0
DA:178,0
DA:185,0
DA:187,0
DA:188,0
DA:191,0
DA:216,1
DA:225,1
DA:226,8
DA:227,8
DA:230,8
LF:47
LH:23
BRDA:66,0,0,0
BRDA:66,0,1,0
BRDA:92,1,0,4
BRDA:92,1,1,0
BRDA:109,2,0,0
BRDA:109,2,1,0
BRDA:123,3,0,0
BRDA:123,3,1,0
BRDA:131,4,0,0
BRDA:131,4,1,0
BRDA:177,5,0,0
BRDA:177,5,1,0
BRDA:187,6,0,0
BRDA:187,6,1,0
BRDA:192,7,0,0
BRDA:192,7,1,0
BRF:16
BRH:1
end_of_record
TN:
SF:src/infrastructure/mcp/junction.ts
FN:11,(anonymous_0)
FN:16,(anonymous_1)
FN:18,(anonymous_2)
FN:37,(anonymous_3)
FN:51,(anonymous_4)
FN:65,(anonymous_5)
FN:66,(anonymous_6)
FNF:7
FNH:0
FNDA:0,(anonymous_0)
FNDA:0,(anonymous_1)
FNDA:0,(anonymous_2)
FNDA:0,(anonymous_3)
FNDA:0,(anonymous_4)
FNDA:0,(anonymous_5)
FNDA:0,(anonymous_6)
DA:5,0
DA:6,0
DA:8,0
DA:9,0
DA:12,0
DA:13,0
DA:18,0
DA:19,0
DA:21,0
DA:22,0
DA:26,0
DA:28,0
DA:37,0
DA:39,0
DA:41,0
DA:43,0
DA:51,0
DA:52,0
DA:54,0
DA:55,0
DA:57,0
DA:66,0
LF:22
LH:0
BRDA:19,0,0,0
BRDA:19,0,1,0
BRDA:21,1,0,0
BRDA:21,1,1,0
BRDA:21,2,0,0
BRDA:21,2,1,0
BRDA:52,3,0,0
BRDA:52,3,1,0
BRF:8
BRH:0
end_of_record
TN:
SF:src/infrastructure/mcp/mcp-server.ts
FN:24,(anonymous_0)
FN:34,(anonymous_1)
FN:46,(anonymous_2)
FN:76,(anonymous_3)
FN:108,(anonymous_4)
FN:138,(anonymous_5)
FN:147,(anonymous_6)
FN:154,(anonymous_7)
FNF:8
FNH:0
FNDA:0,(anonymous_0)
FNDA:0,(anonymous_1)
FNDA:0,(anonymous_2)
FNDA:0,(anonymous_3)
FNDA:0,(anonymous_4)
FNDA:0,(anonymous_5)
FNDA:0,(anonymous_6)
FNDA:0,(anonymous_7)
DA:6,0
DA:7,0
DA:8,0
DA:20,0
DA:22,0
DA:25,0
DA:31,0
DA:36,0
DA:47,0
DA:53,0
DA:63,0
DA:77,0
DA:78,0
DA:83,0
DA:93,0
DA:109,0
DA:115,0
DA:117,0
DA:125,0
DA:139,0
DA:140,0
DA:141,0
DA:148,0
DA:155,0
LF:24
LH:0
BRDA:112,0,0,0
BRDA:112,0,1,0
BRF:2
BRH:0
end_of_record
TN:
SF:src/infrastructure/mcp/server.ts
FN:250,(anonymous_0)
FN:43,(anonymous_1)
FN:54,(anonymous_2)
FN:63,(anonymous_3)
FN:127,(anonymous_4)
FN:164,(anonymous_5)
FN:171,(anonymous_6)
FN:178,(anonymous_7)
FN:189,(anonymous_8)
FN:209,(anonymous_9)
FN:238,createMcpServer
FNF:11
FNH:0
FNDA:0,(anonymous_0)
FNDA:0,(anonymous_1)
FNDA:0,(anonymous_2)
FNDA:0,(anonymous_3)
FNDA:0,(anonymous_4)
FNDA:0,(anonymous_5)
FNDA:0,(anonymous_6)
FNDA:0,(anonymous_7)
FNDA:0,(anonymous_8)
FNDA:0,(anonymous_9)
FNDA:0,createMcpServer
DA:9,0
DA:13,0
DA:21,0
DA:25,0
DA:26,0
DA:40,0
DA:41,0
DA:44,0
DA:55,0
DA:56,0
DA:64,0
DA:66,0
DA:68,0
DA:69,0
DA:70,0
DA:79,0
DA:80,0
DA:85,0
DA:86,0
DA:87,0
DA:97,0
DA:100,0
DA:102,0
DA:104,0
DA:105,0
DA:114,0
DA:130,0
DA:131,0
DA:132,0
DA:133,0
DA:140,0
DA:141,0
DA:146,0
DA:148,0
DA:156,0
DA:157,0
DA:165,0
DA:172,0
DA:179,0
DA:180,0
DA:181,0
DA:183,0
DA:194,0
DA:216,0
DA:238,0
DA:243,0
DA:244,0
DA:247,0
DA:250,0
LF:49
LH:0
BRDA:69,0,0,0
BRDA:69,0,1,0
BRDA:86,1,0,0
BRDA:86,1,1,0
BRDA:104,2,0,0
BRDA:104,2,1,0
BRDA:117,3,0,0
BRDA:117,3,1,0
BRDA:132,4,0,0
BRDA:132,4,1,0
BRDA:180,5,0,0
BRDA:180,5,1,0
BRDA:218,6,0,0
BRDA:218,6,1,0
BRDA:225,7,0,0
BRDA:225,7,1,0
BRF:16
BRH:0
end_of_record
TN:
SF:src/infrastructure/mcp/validation.ts
FN:31,validateMCPRequest
FN:47,(anonymous_1)
FN:59,validateMCPResponse
FN:75,(anonymous_3)
FN:87,validateModuleRegistration
FN:105,(anonymous_5)
FN:118,validateWithSchema
FN:138,(anonymous_7)
FN:151,assertValidMCPRequest
FN:165,assertValidMCPResponse
FNF:10
FNH:8
FNDA:9,validateMCPRequest
FNDA:14,(anonymous_1)
FNDA:5,validateMCPResponse
FNDA:5,(anonymous_3)
FNDA:2,validateModuleRegistration
FNDA:1,(anonymous_5)
FNDA:0,validateWithSchema
FNDA:0,(anonymous_7)
FNDA:3,assertValidMCPRequest
FNDA:2,assertValidMCPResponse
DA:7,2
DA:16,2
DA:31,2
DA:32,9
DA:34,9
DA:35,3
DA:41,6
DA:47,14
DA:59,2
DA:60,5
DA:62,5
DA:63,3
DA:69,2
DA:75,5
DA:87,2
DA:90,2
DA:92,2
DA:93,1
DA:99,1
DA:105,1
DA:118,2
DA:123,0
DA:125,0
DA:126,0
DA:132,0
DA:138,0
DA:151,2
DA:152,3
DA:153,3
DA:154,2
DA:165,2
DA:166,2
DA:167,2
DA:168,1
LF:34
LH:29
BRDA:34,0,0,3
BRDA:34,0,1,6
BRDA:62,1,0,3
BRDA:62,1,1,2
BRDA:92,2,0,1
BRDA:92,2,1,1
BRDA:125,3,0,0
BRDA:125,3,1,0
BRDA:153,4,0,2
BRDA:153,4,1,1
BRDA:167,5,0,1
BRDA:167,5,1,1
BRF:12
BRH:10
end_of_record
TN:
SF:src/resolvers/mcp/endpoint.ts
FN:7,(anonymous_0)
FN:8,(anonymous_1)
FN:24,(anonymous_2)
FNF:3
FNH:0
FNDA:0,(anonymous_0)
FNDA:0,(anonymous_1)
FNDA:0,(anonymous_2)
DA:8,0
DA:11,0
DA:13,0
DA:16,0
DA:22,0
DA:24,0
DA:25,0
DA:26,0
DA:29,0
LF:9
LH:0
BRF:0
BRH:0
end_of_record
TN:
SF:src/tools/mcp-server-proper.ts
FN:9,main
FNF:1
FNH:0
FNDA:0,main
DA:7,0
DA:10,0
DA:11,0
DA:14,0
LF:4
LH:0
BRF:0
BRH:0
end_of_record
