TN:
SF:src/infrastructure/mcp/auth.ts
FN:52,validateForgeInvocationToken
FN:122,hasScope
FN:130,assertScope
FN:147,generateMockFIT
FN:182,encodeBase64Url
FN:193,decodeBase64Url
FNF:6
FNH:6
FNDA:9,validateForgeInvocationToken
FNDA:10,hasScope
FNDA:4,assertScope
FNDA:4,generateMockFIT
FNDA:8,encodeBase64Url
FNDA:5,decodeBase64Url
DA:9,1
DA:10,1
DA:52,1
DA:53,9
DA:54,2
DA:61,7
DA:64,7
DA:65,7
DA:66,2
DA:74,5
DA:75,5
DA:78,5
DA:79,1
DA:87,4
DA:88,4
DA:89,2
DA:97,2
DA:105,5
DA:106,5
DA:109,0
DA:122,1
DA:123,10
DA:130,1
DA:131,4
DA:132,2
DA:147,1
DA:154,4
DA:159,4
DA:160,4
DA:172,4
DA:173,4
DA:174,4
DA:176,4
DA:183,8
DA:194,5
DA:196,5
DA:197,6
DA:199,5
LF:38
LH:37
BRDA:53,0,0,2
BRDA:53,0,1,7
BRDA:65,1,0,2
BRDA:65,1,1,5
BRDA:78,2,0,1
BRDA:78,2,1,4
BRDA:78,3,0,5
BRDA:78,3,1,4
BRDA:78,3,2,4
BRDA:88,4,0,2
BRDA:88,4,1,2
BRDA:101,5,0,2
BRDA:101,5,1,0
BRDA:105,6,0,5
BRDA:105,6,1,0
BRDA:113,7,0,0
BRDA:113,7,1,0
BRDA:131,8,0,2
BRDA:131,8,1,2
BRDA:164,9,0,4
BRDA:164,9,1,1
BRDA:169,10,0,4
BRDA:169,10,1,2
BRF:23
BRH:19
end_of_record
TN:
SF:src/infrastructure/mcp/client.ts
FN:45,(anonymous_0)
FN:50,(anonymous_1)
FN:87,(anonymous_2)
FN:141,(anonymous_3)
FN:151,(anonymous_4)
FN:161,(anonymous_5)
FN:168,(anonymous_6)
FN:202,(anonymous_7)
FN:225,createMcpClient
FNF:9
FNH:8
FNDA:8,(anonymous_0)
FNDA:1,(anonymous_1)
FNDA:4,(anonymous_2)
FNDA:1,(anonymous_3)
FNDA:1,(anonymous_4)
FNDA:4,(anonymous_5)
FNDA:0,(anonymous_6)
FNDA:1,(anonymous_7)
FNDA:8,createMcpClient
DA:8,1
DA:9,1
DA:18,1
DA:19,1
DA:41,1
DA:42,8
DA:45,8
DA:51,1
DA:55,1
DA:57,1
DA:61,1
DA:66,0
DA:67,0
DA:68,0
DA:69,0
DA:73,0
DA:79,1
DA:80,1
DA:92,4
DA:93,4
DA:99,0
DA:100,0
DA:116,0
DA:120,0
DA:121,0
DA:123,0
DA:124,0
DA:131,0
DA:133,0
DA:134,0
DA:145,1
DA:155,1
DA:162,4
DA:169,0
DA:170,0
DA:176,0
DA:177,0
DA:178,0
DA:185,0
DA:187,0
DA:188,0
DA:191,0
DA:216,1
DA:225,1
DA:226,8
DA:227,8
DA:230,8
LF:47
LH:23
BRDA:66,0,0,0
BRDA:66,0,1,0
BRDA:92,1,0,4
BRDA:92,1,1,0
BRDA:109,2,0,0
BRDA:109,2,1,0
BRDA:123,3,0,0
BRDA:123,3,1,0
BRDA:131,4,0,0
BRDA:131,4,1,0
BRDA:177,5,0,0
BRDA:177,5,1,0
BRDA:187,6,0,0
BRDA:187,6,1,0
BRDA:192,7,0,0
BRDA:192,7,1,0
BRF:16
BRH:1
end_of_record
TN:
SF:src/infrastructure/mcp/server.ts
FN:39,(anonymous_0)
FN:50,(anonymous_1)
FN:59,(anonymous_2)
FN:123,(anonymous_3)
FN:160,(anonymous_4)
FN:167,(anonymous_5)
FN:174,(anonymous_6)
FN:185,(anonymous_7)
FN:205,(anonymous_8)
FN:234,createMcpServer
FNF:10
FNH:10
FNDA:13,(anonymous_0)
FNDA:4,(anonymous_1)
FNDA:5,(anonymous_2)
FNDA:5,(anonymous_3)
FNDA:2,(anonymous_4)
FNDA:2,(anonymous_5)
FNDA:2,(anonymous_6)
FNDA:1,(anonymous_7)
FNDA:4,(anonymous_8)
FNDA:13,createMcpServer
DA:9,1
DA:10,1
DA:18,1
DA:22,1
DA:35,1
DA:36,13
DA:37,13
DA:40,13
DA:51,4
DA:52,4
DA:60,5
DA:62,5
DA:64,5
DA:65,5
DA:66,1
DA:75,4
DA:76,4
DA:81,4
DA:82,4
DA:83,1
DA:93,3
DA:96,1
DA:98,2
DA:100,2
DA:101,1
DA:110,1
DA:126,5
DA:127,5
DA:128,5
DA:129,1
DA:136,4
DA:137,4
DA:142,4
DA:144,4
DA:152,1
DA:153,1
DA:161,2
DA:168,2
DA:175,2
DA:176,2
DA:177,1
DA:179,2
DA:190,1
DA:212,4
DA:234,1
DA:239,13
DA:240,13
DA:243,13
LF:48
LH:48
BRDA:65,0,0,1
BRDA:65,0,1,4
BRDA:82,1,0,1
BRDA:82,1,1,3
BRDA:100,2,0,1
BRDA:100,2,1,1
BRDA:113,3,0,1
BRDA:113,3,1,0
BRDA:128,4,0,1
BRDA:128,4,1,4
BRDA:176,5,0,1
BRDA:176,5,1,1
BRDA:214,6,0,3
BRDA:214,6,1,1
BRDA:221,7,0,4
BRDA:221,7,1,0
BRF:16
BRH:14
end_of_record
TN:
SF:src/infrastructure/mcp/validation.ts
FN:31,validateMCPRequest
FN:47,(anonymous_1)
FN:59,validateMCPResponse
FN:75,(anonymous_3)
FN:87,validateModuleRegistration
FN:105,(anonymous_5)
FN:118,validateWithSchema
FN:138,(anonymous_7)
FN:151,assertValidMCPRequest
FN:165,assertValidMCPResponse
FNF:10
FNH:8
FNDA:14,validateMCPRequest
FNDA:19,(anonymous_1)
FNDA:5,validateMCPResponse
FNDA:5,(anonymous_3)
FNDA:7,validateModuleRegistration
FNDA:6,(anonymous_5)
FNDA:0,validateWithSchema
FNDA:0,(anonymous_7)
FNDA:3,assertValidMCPRequest
FNDA:2,assertValidMCPResponse
DA:7,3
DA:16,3
DA:31,3
DA:32,14
DA:34,14
DA:35,7
DA:41,7
DA:47,19
DA:59,3
DA:60,5
DA:62,5
DA:63,3
DA:69,2
DA:75,5
DA:87,3
DA:90,7
DA:92,7
DA:93,5
DA:99,2
DA:105,6
DA:118,3
DA:123,0
DA:125,0
DA:126,0
DA:132,0
DA:138,0
DA:151,3
DA:152,3
DA:153,3
DA:154,2
DA:165,3
DA:166,2
DA:167,2
DA:168,1
LF:34
LH:29
BRDA:34,0,0,7
BRDA:34,0,1,7
BRDA:62,1,0,3
BRDA:62,1,1,2
BRDA:92,2,0,5
BRDA:92,2,1,2
BRDA:125,3,0,0
BRDA:125,3,1,0
BRDA:153,4,0,2
BRDA:153,4,1,1
BRDA:167,5,0,1
BRDA:167,5,1,1
BRF:12
BRH:10
end_of_record
